<?xml version="1.0" encoding="UTF-8"?>
<beans xmlns="http://www.springframework.org/schema/beans"
	xmlns:xsi="http://www.w3.org/2001/XMLSchema-instance" xmlns:context="http://www.springframework.org/schema/context"
	xmlns:util="http://www.springframework.org/schema/util" xmlns:jdbc="http://www.springframework.org/schema/jdbc"
	xmlns:aop="http://www.springframework.org/schema/aop" xmlns:task="http://www.springframework.org/schema/task"
	xmlns:p="http://www.springframework.org/schema/p" xmlns:tx="http://www.springframework.org/schema/tx"
	xsi:schemaLocation="http://www.springframework.org/schema/beans 
	   					   http://www.springframework.org/schema/beans/spring-beans-4.1.xsd
	   					   http://www.springframework.org/schema/context
       					   http://www.springframework.org/schema/context/spring-context-4.1.xsd	
       					   http://www.springframework.org/schema/util 
       					   http://www.springframework.org/schema/util/spring-util-4.1.xsd   
       					   http://www.springframework.org/schema/jdbc 
       					   http://www.springframework.org/schema/jdbc/spring-jdbc-4.1.xsd 			   
	   					   http://www.springframework.org/schema/aop 
						   http://www.springframework.org/schema/aop/spring-aop-4.1.xsd	
						   http://www.springframework.org/schema/task 
						   http://www.springframework.org/schema/task/spring-task-4.1.xsd
						   http://www.springframework.org/schema/tx 
						   http://www.springframework.org/schema/tx/spring-tx.xsd							   
						   ">
	<context:property-placeholder location="classpath:util.properties" />

	<bean id="dataSource"
		class="org.springframework.jdbc.datasource.DriverManagerDataSource">
		<property name="driverClassName" value="${jdbc.driverClass}" />
		<property name="url" value="${jdbc.url}" />
		<property name="username" value="${jdbc.username}" />
		<property name="password" value="${jdbc.password}" />
	</bean>


<bean id="entityManagerFactory" class="org.springframework.orm.jpa.LocalContainerEntityManagerFactoryBean">
		<property name="packagesToScan" value="com.cleansolution"/>
		<property name="persistenceXmlLocation" value="classpath:META-INF/persistence.xml"/>
		<property name="persistenceUnitName" value="cleanwebPU"/>
		<property name="dataSource" ref="dataSource"/>
		<property name="jpaVendorAdapter">
			<bean class="org.springframework.orm.jpa.vendor.HibernateJpaVendorAdapter">
				<property name="generateDdl" value="true"/>
				<property name="showSql" value="false"/>
			</bean>
		</property>
		<property name="jpaProperties">
			<props>
				<prop key="hibernate.dialect">org.hibernate.dialect.PostgreSQLDialect</prop>
				<prop key="hibernate.show_sql">true</prop>
				<prop key="hibernate.format_sql">true</prop>
				<prop key="hibernate.hbm2ddl.auto">update</prop>
			</props>
		</property>
	</bean>
	
	<bean id="transactionManager" class="org.springframework.orm.jpa.JpaTransactionManager">
		<property name="entityManagerFactory" ref="entityManagerFactory" />
	</bean>
	
	 <!-- Configure to plugin JSON as request and response in method handler -->
   <!--  <bean class="org.springframework.web.servlet.mvc.method.annotation.RequestMappingHandlerAdapter">
        <property name="messageConverters">
            <list>
                <ref bean="jsonMessageConverter"/>
            </list>
        </property>
    </bean>
      -->
    <!-- Configure bean to convert JSON to POJO and vice versa -->
    <!-- <bean id="jsonMessageConverter" class="org.springframework.http.converter.json.MappingJackson2HttpMessageConverter">
    </bean> 
	 -->
	<context:component-scan base-package="com.cleansolution" />
<!-- 	<tx:annotation-driven transaction-manager="transactionManager" /> -->

</beans>